PlaneID Status Request Time Runway Time Turnaround Time
________________________________________________________
0        L          0            2             2        
1        D          0            6             6        
2        L          1            4             3        
3        D          1            10            9        
4        L          5            8             3        
5        D          5            14            9        
6        L          6            12            6        
7        D          6            18            12       
8        L          8            16            8        
9        D          8            22            14       
10       L          10           20            10       
11       D          10           26            16       
12       L          12           24            12       
13       D          12           30            18       
14       L          18           28            10       
15       D          18           34            16       
16       L          20           32            12       
17       D          20           38            18       
18       L          21           36            15       
19       D          21           44            23       
20       L          22           40            18       
21       D          22           48            26       
22       L          24           46            22       
23       D          24           52            28       
24       L          25           50            25       
25       D          25           56            31       
26       L          26           54            28       
27       D          26                                  
28       L          27           58            31       
29       D          27                                  
30       L          29           60            31       
31       D          29                                  
32       L          33                                  
33       D          33                                  
34       L          36                                  
35       D          36                                  
36       L          38                                  
37       D          38                                  
38      (E)L        40           42            2        
39       D          42                                  
40       L          42                                  
41       D          44                                  
42       L          44                                  
43       D          45                                  
44       L          45                                  
45       D          48                                  
46       L          48                                  
47       D          51                                  
48       L          51                                  
49       D          52                                  
50       L          52                                  
51       D          55                                  
52       L          55                                  
53       D          56                                  
54       L          56                                  
55       D          57                                  
56       L          57                                  
57       D          58                                  
58       L          58                                  
59       D          59                                  
60       L          59                                  
